0 info it worked if it ends with ok
1 verbose cli [ '/Users/jb/.nvm/versions/node/v6.0.0/bin/node',
1 verbose cli   '/Users/jb/.nvm/versions/node/v6.0.0/bin/npm',
1 verbose cli   'run',
1 verbose cli   'lint' ]
2 info using npm@3.8.6
3 info using node@v6.0.0
4 verbose run-script [ 'prelint', 'lint', 'postlint' ]
5 info lifecycle Joey@2.0.0~prelint: Joey@2.0.0
6 silly lifecycle Joey@2.0.0~prelint: no script for prelint, continuing
7 info lifecycle Joey@2.0.0~lint: Joey@2.0.0
8 verbose lifecycle Joey@2.0.0~lint: unsafe-perm in lifecycle true
9 verbose lifecycle Joey@2.0.0~lint: PATH: /Users/jb/.nvm/versions/node/v6.0.0/lib/node_modules/npm/bin/node-gyp-bin:/Users/jb/Sites/Joey/node_modules/.bin:/Users/jb/.nvm/versions/node/v6.0.0/bin:/Users/jb/.node/bin:/Applications/MAMP/bin/php/php5.6.10/bin:/Users/jb/.nvm/versions/node/v6.0.0/bin:/usr/local/bin:/usr/bin:/bin:/usr/sbin:/sbin:/Applications/MAMP/Library/bin:/usr/local/mysql/bin:/Users/jb/.rvm/bin:/usr/local/share/npm/bin:/usr/local/bin/elixir:/usr/local/opt/android-sdk/tools:/usr/local/opt/android-sdk/platform-tools
10 verbose lifecycle Joey@2.0.0~lint: CWD: /Users/jb/Sites/Joey
11 silly lifecycle Joey@2.0.0~lint: Args: [ '-c', 'npm run eslint && npm run stylelint' ]
12 silly lifecycle Joey@2.0.0~lint: Returned: code: 1  signal: null
13 info lifecycle Joey@2.0.0~lint: Failed to exec lint script
14 verbose stack Error: Joey@2.0.0 lint: `npm run eslint && npm run stylelint`
14 verbose stack Exit status 1
14 verbose stack     at EventEmitter.<anonymous> (/Users/jb/.nvm/versions/node/v6.0.0/lib/node_modules/npm/lib/utils/lifecycle.js:239:16)
14 verbose stack     at emitTwo (events.js:106:13)
14 verbose stack     at EventEmitter.emit (events.js:191:7)
14 verbose stack     at ChildProcess.<anonymous> (/Users/jb/.nvm/versions/node/v6.0.0/lib/node_modules/npm/lib/utils/spawn.js:24:14)
14 verbose stack     at emitTwo (events.js:106:13)
14 verbose stack     at ChildProcess.emit (events.js:191:7)
14 verbose stack     at maybeClose (internal/child_process.js:850:16)
14 verbose stack     at Process.ChildProcess._handle.onexit (internal/child_process.js:215:5)
15 verbose pkgid Joey@2.0.0
16 verbose cwd /Users/jb/Sites/Joey/public
17 error Darwin 15.6.0
18 error argv "/Users/jb/.nvm/versions/node/v6.0.0/bin/node" "/Users/jb/.nvm/versions/node/v6.0.0/bin/npm" "run" "lint"
19 error node v6.0.0
20 error npm  v3.8.6
21 error code ELIFECYCLE
22 error Joey@2.0.0 lint: `npm run eslint && npm run stylelint`
22 error Exit status 1
23 error Failed at the Joey@2.0.0 lint script 'npm run eslint && npm run stylelint'.
23 error Make sure you have the latest version of node.js and npm installed.
23 error If you do, this is most likely a problem with the Joey package,
23 error not with npm itself.
23 error Tell the author that this fails on your system:
23 error     npm run eslint && npm run stylelint
23 error You can get information on how to open an issue for this project with:
23 error     npm bugs Joey
23 error Or if that isn't available, you can get their info via:
23 error     npm owner ls Joey
23 error There is likely additional logging output above.
24 verbose exit [ 1, true ]
